# Log cleared for security reasons - tokens detected
2025-07-14 21:18:57 [INFO] GIT_ACTION: Attempting git push - {"endpoint": "/git/push", "user": "anonymous", "session": "session_1752498511877_bah1h386v"}
2025-07-14 21:19:04 [ERROR] GIT_ACTION: Git push failed - {"error": "remote: Invalid username or password.\nfatal: Authentication failed for 'https://github.com/mceballos65/integrated_app.git/'\n", "user": "anonymous", "session": "session_1752498511877_bah1h386v"}
2025-07-14 21:29:32 [INFO] GIT_ACTION: Attempting git push - {"endpoint": "/git/push", "user": "anonymous", "session": "session_1752498511877_bah1h386v"}
2025-07-14 21:29:32 [ERROR] GIT_ACTION: Git push failed - {"error": "", "user": "anonymous", "session": "session_1752498511877_bah1h386v"}
2025-07-14 21:29:45 [INFO] GIT_ACTION: Attempting git push - {"endpoint": "/git/push", "user": "anonymous", "session": "session_1752498511877_bah1h386v"}
2025-07-14 21:29:45 [ERROR] GIT_ACTION: Git push failed - {"error": "", "user": "anonymous", "session": "session_1752498511877_bah1h386v"}
2025-07-14 21:29:45 [INFO] GIT_ACTION: Attempting git pull - {"endpoint": "/git/pull", "user": "anonymous", "session": "session_1752498511877_bah1h386v"}
2025-07-14 21:29:45 [ERROR] GIT_ACTION: Git pull failed - {"error": "", "user": "anonymous", "session": "session_1752498511877_bah1h386v"}
2025-07-14 21:30:19 [INFO] APP_STARTUP: Application initializing - {"user": "anonymous", "session": "session_1752498511877_bah1h386v"}
2025-07-14 21:30:19 [INFO] APP_STARTUP: Attempting to connect to backend - {"backendUrl": "http://localhost:8000", "user": "anonymous", "session": "session_1752498511877_bah1h386v"}
2025-07-14 21:30:19 [INFO] APP_STARTUP: Application initializing - {"user": "anonymous", "session": "session_1752498511877_bah1h386v"}
2025-07-14 21:30:19 [INFO] APP_STARTUP: Attempting to connect to backend - {"backendUrl": "http://localhost:8000", "user": "anonymous", "session": "session_1752498511877_bah1h386v"}
2025-07-14 21:30:19 [SUCCESS] APP_STARTUP: Application configuration loaded from backend successfully - {"user": "anonymous", "session": "session_1752498511877_bah1h386v"}
2025-07-14 21:30:19 [SUCCESS] APP_STARTUP: Application configuration loaded from backend successfully - {"user": "anonymous", "session": "session_1752498511877_bah1h386v"}
2025-07-15 13:14:51 [INFO] APP_STARTUP: Application initializing - {"user": "anonymous", "session": "session_1752498511877_bah1h386v"}
2025-07-15 13:14:51 [INFO] APP_STARTUP: Attempting to connect to backend - {"backendUrl": "http://localhost:8000", "user": "anonymous", "session": "session_1752498511877_bah1h386v"}
2025-07-15 13:14:51 [INFO] APP_STARTUP: Application initializing - {"user": "anonymous", "session": "session_1752498511877_bah1h386v"}
2025-07-15 13:14:51 [INFO] APP_STARTUP: Attempting to connect to backend - {"backendUrl": "http://localhost:8000", "user": "anonymous", "session": "session_1752498511877_bah1h386v"}
2025-07-15 13:14:52 [SUCCESS] APP_STARTUP: Application configuration loaded from backend successfully - {"user": "anonymous", "session": "session_1752498511877_bah1h386v"}
2025-07-15 13:14:52 [SUCCESS] APP_STARTUP: Application configuration loaded from backend successfully - {"user": "anonymous", "session": "session_1752498511877_bah1h386v"}
2025-07-15 13:15:45 [INFO] APP_STARTUP: Application initializing - {"user": "anonymous", "session": "session_1752498511877_bah1h386v"}
2025-07-15 13:15:45 [INFO] APP_STARTUP: Attempting to connect to backend - {"backendUrl": "http://localhost:8000", "user": "anonymous", "session": "session_1752498511877_bah1h386v"}
2025-07-15 13:15:45 [INFO] APP_STARTUP: Application initializing - {"user": "anonymous", "session": "session_1752498511877_bah1h386v"}
2025-07-15 13:15:45 [INFO] APP_STARTUP: Attempting to connect to backend - {"backendUrl": "http://localhost:8000", "user": "anonymous", "session": "session_1752498511877_bah1h386v"}
2025-07-15 13:15:45 [SUCCESS] APP_STARTUP: Application configuration loaded from backend successfully - {"user": "anonymous", "session": "session_1752498511877_bah1h386v"}
2025-07-15 13:15:45 [SUCCESS] APP_STARTUP: Application configuration loaded from backend successfully - {"user": "anonymous", "session": "session_1752498511877_bah1h386v"}
2025-07-15 13:19:11 [INFO] AUTH: User logged out: Mau - {"user": "anonymous", "session": "session_1752498511877_bah1h386v"}
2025-07-15 13:29:39 [INFO] AUTH: User logged in: Mau - {"user": "anonymous", "session": "session_1752498511877_bah1h386v"}
2025-07-15 13:29:39 [INFO] APP_STARTUP: Application initializing - {"user": "anonymous", "session": "session_1752498511877_bah1h386v"}
2025-07-15 13:29:39 [INFO] APP_STARTUP: Attempting to connect to backend - {"backendUrl": "http://localhost:8000", "user": "anonymous", "session": "session_1752498511877_bah1h386v"}
2025-07-15 13:29:39 [INFO] APP_STARTUP: Application initializing - {"user": "anonymous", "session": "session_1752498511877_bah1h386v"}
2025-07-15 13:29:39 [INFO] APP_STARTUP: Attempting to connect to backend - {"backendUrl": "http://localhost:8000", "user": "anonymous", "session": "session_1752498511877_bah1h386v"}
2025-07-15 13:29:39 [SUCCESS] APP_STARTUP: Application configuration loaded from backend successfully - {"user": "anonymous", "session": "session_1752498511877_bah1h386v"}
2025-07-15 13:29:39 [SUCCESS] APP_STARTUP: Application configuration loaded from backend successfully - {"user": "anonymous", "session": "session_1752498511877_bah1h386v"}
2025-07-15 14:20:29 [INFO] APP_STARTUP: Application initializing - {"user": "anonymous", "session": "session_1752498511877_bah1h386v"}
2025-07-15 14:20:29 [INFO] APP_STARTUP: Attempting to connect to backend - {"backendUrl": "http://localhost:8000", "user": "anonymous", "session": "session_1752498511877_bah1h386v"}
2025-07-15 14:20:29 [INFO] APP_STARTUP: Application initializing - {"user": "anonymous", "session": "session_1752498511877_bah1h386v"}
2025-07-15 14:20:29 [INFO] APP_STARTUP: Attempting to connect to backend - {"backendUrl": "http://localhost:8000", "user": "anonymous", "session": "session_1752498511877_bah1h386v"}
2025-07-15 14:20:29 [SUCCESS] APP_STARTUP: Application configuration loaded from backend successfully - {"user": "anonymous", "session": "session_1752498511877_bah1h386v"}
2025-07-15 14:20:29 [SUCCESS] APP_STARTUP: Application configuration loaded from backend successfully - {"user": "anonymous", "session": "session_1752498511877_bah1h386v"}
2025-07-15 14:21:12 [INFO] APP_STARTUP: Application initializing - {"user": "anonymous", "session": "session_1752498511877_bah1h386v"}
2025-07-15 14:21:12 [INFO] APP_STARTUP: Attempting to connect to backend - {"backendUrl": "http://localhost:8000", "user": "anonymous", "session": "session_1752498511877_bah1h386v"}
2025-07-15 14:21:12 [INFO] APP_STARTUP: Application initializing - {"user": "anonymous", "session": "session_1752498511877_bah1h386v"}
2025-07-15 14:21:12 [INFO] APP_STARTUP: Attempting to connect to backend - {"backendUrl": "http://localhost:8000", "user": "anonymous", "session": "session_1752498511877_bah1h386v"}
2025-07-15 14:21:12 [SUCCESS] APP_STARTUP: Application configuration loaded from backend successfully - {"user": "anonymous", "session": "session_1752498511877_bah1h386v"}
2025-07-15 14:21:12 [SUCCESS] APP_STARTUP: Application configuration loaded from backend successfully - {"user": "anonymous", "session": "session_1752498511877_bah1h386v"}
2025-07-15 14:33:00 [INFO] APP_STARTUP: Application initializing - {"user": "anonymous", "session": "session_1752498511877_bah1h386v"}
2025-07-15 14:33:00 [INFO] APP_STARTUP: Attempting to connect to backend - {"backendUrl": "http://localhost:8000", "user": "anonymous", "session": "session_1752498511877_bah1h386v"}
2025-07-15 14:33:00 [INFO] APP_STARTUP: Application initializing - {"user": "anonymous", "session": "session_1752498511877_bah1h386v"}
2025-07-15 14:33:00 [INFO] APP_STARTUP: Attempting to connect to backend - {"backendUrl": "http://localhost:8000", "user": "anonymous", "session": "session_1752498511877_bah1h386v"}
2025-07-15 14:33:00 [SUCCESS] APP_STARTUP: Application configuration loaded from backend successfully - {"user": "anonymous", "session": "session_1752498511877_bah1h386v"}
2025-07-15 14:33:00 [SUCCESS] APP_STARTUP: Application configuration loaded from backend successfully - {"user": "anonymous", "session": "session_1752498511877_bah1h386v"}
2025-07-15 14:33:20 [INFO] APP_STARTUP: Application initializing - {"user": "anonymous", "session": "session_1752498511877_bah1h386v"}
2025-07-15 14:33:20 [INFO] APP_STARTUP: Attempting to connect to backend - {"backendUrl": "http://localhost:8000", "user": "anonymous", "session": "session_1752498511877_bah1h386v"}
2025-07-15 14:33:20 [INFO] APP_STARTUP: Application initializing - {"user": "anonymous", "session": "session_1752498511877_bah1h386v"}
2025-07-15 14:33:20 [INFO] APP_STARTUP: Attempting to connect to backend - {"backendUrl": "http://localhost:8000", "user": "anonymous", "session": "session_1752498511877_bah1h386v"}
2025-07-15 14:33:20 [SUCCESS] APP_STARTUP: Application configuration loaded from backend successfully - {"user": "anonymous", "session": "session_1752498511877_bah1h386v"}
2025-07-15 14:33:21 [SUCCESS] APP_STARTUP: Application configuration loaded from backend successfully - {"user": "anonymous", "session": "session_1752498511877_bah1h386v"}
2025-07-15 14:37:38 [INFO] APP_STARTUP: Application initializing - {"user": "anonymous", "session": "session_1752498511877_bah1h386v"}
2025-07-15 14:37:38 [INFO] APP_STARTUP: Attempting to connect to backend - {"backendUrl": "http://localhost:8000", "user": "anonymous", "session": "session_1752498511877_bah1h386v"}
2025-07-15 14:37:38 [INFO] APP_STARTUP: Application initializing - {"user": "anonymous", "session": "session_1752498511877_bah1h386v"}
2025-07-15 14:37:38 [INFO] APP_STARTUP: Attempting to connect to backend - {"backendUrl": "http://localhost:8000", "user": "anonymous", "session": "session_1752498511877_bah1h386v"}
2025-07-15 14:37:39 [SUCCESS] APP_STARTUP: Application configuration loaded from backend successfully - {"user": "anonymous", "session": "session_1752498511877_bah1h386v"}
2025-07-15 14:37:39 [SUCCESS] APP_STARTUP: Application configuration loaded from backend successfully - {"user": "anonymous", "session": "session_1752498511877_bah1h386v"}
2025-07-15 14:52:15 [INFO] APP_STARTUP: Application initializing - {"user": "anonymous", "session": "session_1752498511877_bah1h386v"}
2025-07-15 14:52:15 [INFO] APP_STARTUP: Attempting to connect to backend - {"backendUrl": "http://localhost:8000", "user": "anonymous", "session": "session_1752498511877_bah1h386v"}
2025-07-15 14:52:15 [INFO] APP_STARTUP: Application initializing - {"user": "anonymous", "session": "session_1752498511877_bah1h386v"}
2025-07-15 14:52:15 [INFO] APP_STARTUP: Attempting to connect to backend - {"backendUrl": "http://localhost:8000", "user": "anonymous", "session": "session_1752498511877_bah1h386v"}
2025-07-15 14:52:15 [SUCCESS] APP_STARTUP: Application configuration loaded from backend successfully - {"user": "anonymous", "session": "session_1752498511877_bah1h386v"}
2025-07-15 14:52:15 [SUCCESS] APP_STARTUP: Application configuration loaded from backend successfully - {"user": "anonymous", "session": "session_1752498511877_bah1h386v"}
2025-07-15 14:52:19 [INFO] APP_STARTUP: Application initializing - {"user": "anonymous", "session": "session_1752498511877_bah1h386v"}
2025-07-15 14:52:19 [INFO] APP_STARTUP: Attempting to connect to backend - {"backendUrl": "http://localhost:8000", "user": "anonymous", "session": "session_1752498511877_bah1h386v"}
2025-07-15 14:52:19 [INFO] APP_STARTUP: Application initializing - {"user": "anonymous", "session": "session_1752498511877_bah1h386v"}
2025-07-15 14:52:19 [INFO] APP_STARTUP: Attempting to connect to backend - {"backendUrl": "http://localhost:8000", "user": "anonymous", "session": "session_1752498511877_bah1h386v"}
2025-07-15 14:52:20 [SUCCESS] APP_STARTUP: Application configuration loaded from backend successfully - {"user": "anonymous", "session": "session_1752498511877_bah1h386v"}
2025-07-15 14:52:20 [SUCCESS] APP_STARTUP: Application configuration loaded from backend successfully - {"user": "anonymous", "session": "session_1752498511877_bah1h386v"}
2025-07-15 14:52:28 [INFO] APP_STARTUP: Application initializing - {"user": "anonymous", "session": "session_1752498511877_bah1h386v"}
2025-07-15 14:52:28 [INFO] APP_STARTUP: Attempting to connect to backend - {"backendUrl": "http://localhost:8000", "user": "anonymous", "session": "session_1752498511877_bah1h386v"}
2025-07-15 14:52:28 [INFO] APP_STARTUP: Application initializing - {"user": "anonymous", "session": "session_1752498511877_bah1h386v"}
2025-07-15 14:52:28 [INFO] APP_STARTUP: Attempting to connect to backend - {"backendUrl": "http://localhost:8000", "user": "anonymous", "session": "session_1752498511877_bah1h386v"}
2025-07-15 14:52:28 [SUCCESS] APP_STARTUP: Application configuration loaded from backend successfully - {"user": "anonymous", "session": "session_1752498511877_bah1h386v"}
2025-07-15 14:52:28 [SUCCESS] APP_STARTUP: Application configuration loaded from backend successfully - {"user": "anonymous", "session": "session_1752498511877_bah1h386v"}
2025-07-15 14:52:54 [INFO] APP_STARTUP: Application initializing - {"user": "anonymous", "session": "session_1752498511877_bah1h386v"}
2025-07-15 14:52:54 [INFO] APP_STARTUP: Attempting to connect to backend - {"backendUrl": "http://localhost:8000", "user": "anonymous", "session": "session_1752498511877_bah1h386v"}
2025-07-15 14:52:54 [INFO] APP_STARTUP: Application initializing - {"user": "anonymous", "session": "session_1752498511877_bah1h386v"}
2025-07-15 14:52:54 [INFO] APP_STARTUP: Attempting to connect to backend - {"backendUrl": "http://localhost:8000", "user": "anonymous", "session": "session_1752498511877_bah1h386v"}
2025-07-15 14:52:55 [SUCCESS] APP_STARTUP: Application configuration loaded from backend successfully - {"user": "anonymous", "session": "session_1752498511877_bah1h386v"}
2025-07-15 14:52:55 [SUCCESS] APP_STARTUP: Application configuration loaded from backend successfully - {"user": "anonymous", "session": "session_1752498511877_bah1h386v"}
2025-07-15 14:52:58 [INFO] APP_STARTUP: Application initializing - {"user": "anonymous", "session": "session_1752498511877_bah1h386v"}
2025-07-15 14:52:58 [INFO] APP_STARTUP: Attempting to connect to backend - {"backendUrl": "http://localhost:8000", "user": "anonymous", "session": "session_1752498511877_bah1h386v"}
2025-07-15 14:52:58 [INFO] APP_STARTUP: Application initializing - {"user": "anonymous", "session": "session_1752498511877_bah1h386v"}
2025-07-15 14:52:58 [INFO] APP_STARTUP: Attempting to connect to backend - {"backendUrl": "http://localhost:8000", "user": "anonymous", "session": "session_1752498511877_bah1h386v"}
2025-07-15 14:52:58 [SUCCESS] APP_STARTUP: Application configuration loaded from backend successfully - {"user": "anonymous", "session": "session_1752498511877_bah1h386v"}
2025-07-15 14:52:58 [SUCCESS] APP_STARTUP: Application configuration loaded from backend successfully - {"user": "anonymous", "session": "session_1752498511877_bah1h386v"}
2025-07-15 14:52:59 [INFO] APP_STARTUP: Application initializing - {"user": "anonymous", "session": "session_1752498511877_bah1h386v"}
2025-07-15 14:52:59 [INFO] APP_STARTUP: Attempting to connect to backend - {"backendUrl": "http://localhost:8000", "user": "anonymous", "session": "session_1752498511877_bah1h386v"}
2025-07-15 14:52:59 [INFO] APP_STARTUP: Application initializing - {"user": "anonymous", "session": "session_1752498511877_bah1h386v"}
2025-07-15 14:52:59 [INFO] APP_STARTUP: Attempting to connect to backend - {"backendUrl": "http://localhost:8000", "user": "anonymous", "session": "session_1752498511877_bah1h386v"}
2025-07-15 14:52:59 [SUCCESS] APP_STARTUP: Application configuration loaded from backend successfully - {"user": "anonymous", "session": "session_1752498511877_bah1h386v"}
2025-07-15 14:52:59 [SUCCESS] APP_STARTUP: Application configuration loaded from backend successfully - {"user": "anonymous", "session": "session_1752498511877_bah1h386v"}
